This file contains any messages produced by compilers while
running configure, to aid debugging if configure makes a mistake.

It was created by tutorial2 configure 1.0.0, which was
generated by GNU Autoconf 2.63.  Invocation command line was

  $ ./configure 

## --------- ##
## Platform. ##
## --------- ##

hostname = sabayon
uname -m = i686
uname -r = 2.6.29-sabayon
uname -s = Linux
uname -v = #1 SMP Wed Aug 19 22:16:39 UTC 2009

/usr/bin/uname -p = Intel(R) Pentium(R) Dual CPU T2390 @ 1.86GHz
/bin/uname -X     = unknown

/bin/arch              = unknown
/usr/bin/arch -k       = unknown
/usr/convex/getsysinfo = unknown
/usr/bin/hostinfo      = unknown
/bin/machine           = unknown
/usr/bin/oslevel       = unknown
/bin/universe          = unknown

PATH: /usr/kde/4.2/bin
PATH: /usr/local/bin
PATH: /usr/bin
PATH: /bin
PATH: /opt/bin
PATH: /usr/i586-pc-linux-gnu/gcc-bin/4.2.3
PATH: /usr/i686-pc-linux-gnu/gcc-bin/4.3.2
PATH: /opt/blackdown-jdk-1.4.2.03/bin
PATH: /opt/blackdown-jdk-1.4.2.03/jre/bin
PATH: /usr/qt/3/bin
PATH: /usr/games/bin
PATH: /usr/share/omniORB/bin/scripts


## ----------- ##
## Core tests. ##
## ----------- ##

configure:2079: checking for a BSD-compatible install
configure:2147: result: /usr/bin/install -c
configure:2158: checking whether build environment is sane
configure:2201: result: yes
configure:2226: checking for a thread-safe mkdir -p
configure:2265: result: /bin/mkdir -p
configure:2278: checking for gawk
configure:2294: found /usr/bin/gawk
configure:2305: result: gawk
configure:2316: checking whether make sets $(MAKE)
configure:2338: result: yes
configure:2572: checking for gcc
configure:2588: found /usr/bin/gcc
configure:2599: result: gcc
configure:2831: checking for C compiler version
configure:2839: gcc --version >&5
gcc (Gentoo 4.3.2 p1.1) 4.3.2
Copyright (C) 2008 Free Software Foundation, Inc.
This is free software; see the source for copying conditions.  There is NO
warranty; not even for MERCHANTABILITY or FITNESS FOR A PARTICULAR PURPOSE.

configure:2843: $? = 0
configure:2850: gcc -v >&5
Using built-in specs.
Target: i686-pc-linux-gnu
Configured with: /var/tmp/portage/sys-devel/gcc-4.3.2/work/gcc-4.3.2/configure --prefix=/usr --bindir=/usr/i686-pc-linux-gnu/gcc-bin/4.3.2 --includedir=/usr/lib/gcc/i686-pc-linux-gnu/4.3.2/include --datadir=/usr/share/gcc-data/i686-pc-linux-gnu/4.3.2 --mandir=/usr/share/gcc-data/i686-pc-linux-gnu/4.3.2/man --infodir=/usr/share/gcc-data/i686-pc-linux-gnu/4.3.2/info --with-gxx-include-dir=/usr/lib/gcc/i686-pc-linux-gnu/4.3.2/include/g++-v4 --host=i686-pc-linux-gnu --build=i686-pc-linux-gnu --disable-altivec --disable-fixed-point --enable-nls --without-included-gettext --with-system-zlib --disable-checking --disable-werror --enable-secureplt --disable-multilib --enable-libmudflap --disable-libssp --enable-libgomp --enable-cld --with-arch=i686 --enable-objc-gc --enable-languages=c,c++,java,objc,obj-c++,treelang,fortran --enable-shared --enable-threads=posix --enable-__cxa_atexit --enable-clocale=gnu --with-bugurl=http://bugs.gentoo.org/ --with-pkgversion='Gentoo 4.3.2 p1.1'
Thread model: posix
gcc version 4.3.2 (Gentoo 4.3.2 p1.1) 
configure:2854: $? = 0
configure:2861: gcc -V >&5
gcc: '-V' option must have argument
configure:2865: $? = 1
configure:2888: checking for C compiler default output file name
configure:2910: gcc    conftest.c  >&5
configure:2914: $? = 0
configure:2952: result: a.out
configure:2971: checking whether the C compiler works
configure:2981: ./a.out
configure:2985: $? = 0
configure:3004: result: yes
configure:3011: checking whether we are cross compiling
configure:3013: result: no
configure:3016: checking for suffix of executables
configure:3023: gcc -o conftest    conftest.c  >&5
configure:3027: $? = 0
configure:3053: result: 
configure:3059: checking for suffix of object files
configure:3085: gcc -c   conftest.c >&5
configure:3089: $? = 0
configure:3114: result: o
configure:3118: checking whether we are using the GNU C compiler
configure:3147: gcc -c   conftest.c >&5
configure:3154: $? = 0
configure:3171: result: yes
configure:3180: checking whether gcc accepts -g
configure:3210: gcc -c -g  conftest.c >&5
configure:3217: $? = 0
configure:3318: result: yes
configure:3335: checking for gcc option to accept ISO C89
configure:3409: gcc  -c -g -O2  conftest.c >&5
configure:3416: $? = 0
configure:3439: result: none needed
configure:3468: checking for style of include used by make
configure:3496: result: GNU
configure:3521: checking dependency style of gcc
configure:3612: result: gcc3
configure:3641: checking for a BSD-compatible install
configure:3709: result: /usr/bin/install -c
configure:3751: checking build system type
configure:3769: result: i686-pc-linux-gnu
configure:3791: checking host system type
configure:3806: result: i686-pc-linux-gnu
configure:3828: checking for a sed that does not truncate output
configure:3894: result: /bin/sed
configure:3912: checking for grep that handles long lines and -e
configure:3972: result: /bin/grep
configure:3977: checking for egrep
configure:4041: result: /bin/grep -E
configure:4046: checking for fgrep
configure:4110: result: /bin/grep -F
configure:4145: checking for ld used by gcc
configure:4212: result: /usr/i686-pc-linux-gnu/bin/ld
configure:4221: checking if the linker (/usr/i686-pc-linux-gnu/bin/ld) is GNU ld
configure:4236: result: yes
configure:4248: checking for BSD- or MS-compatible name lister (nm)
configure:4297: result: /usr/bin/nm -B
configure:4415: checking the name lister (/usr/bin/nm -B) interface
configure:4422: gcc -c -g -O2  conftest.c >&5
configure:4425: /usr/bin/nm -B "conftest.o"
configure:4428: output
00000000 B some_variable
configure:4435: result: BSD nm
configure:4438: checking whether ln -s works
configure:4442: result: yes
configure:4450: checking the maximum length of command line arguments
configure:4570: result: 1572864
configure:4587: checking whether the shell understands some XSI constructs
configure:4597: result: yes
configure:4601: checking whether the shell understands "+="
configure:4607: result: yes
configure:4642: checking for /usr/i686-pc-linux-gnu/bin/ld option to reload object files
configure:4649: result: -r
configure:4718: checking for objdump
configure:4734: found /usr/bin/objdump
configure:4745: result: objdump
configure:4777: checking how to recognize dependent libraries
configure:4973: result: pass_all
configure:5033: checking for ar
configure:5049: found /usr/bin/ar
configure:5060: result: ar
configure:5138: checking for strip
configure:5154: found /usr/bin/strip
configure:5165: result: strip
configure:5237: checking for ranlib
configure:5253: found /usr/bin/ranlib
configure:5264: result: ranlib
configure:5354: checking command to parse /usr/bin/nm -B output from gcc object
configure:5472: gcc -c -g -O2  conftest.c >&5
configure:5475: $? = 0
configure:5479: /usr/bin/nm -B conftest.o \| sed -n -e 's/^.*[	 ]\([ABCDGIRSTW][ABCDGIRSTW]*\)[	 ][	 ]*\([_A-Za-z][_A-Za-z0-9]*\)$/\1 \2 \2/p' \> conftest.nm
configure:5482: $? = 0
configure:5536: gcc -o conftest -g -O2   conftest.c conftstm.o >&5
configure:5539: $? = 0
configure:5577: result: ok
configure:6444: checking how to run the C preprocessor
configure:6484: gcc -E  conftest.c
configure:6491: $? = 0
configure:6522: gcc -E  conftest.c
conftest.c:10:28: error: ac_nonexistent.h: No such file or directory
configure:6529: $? = 1
configure: failed program was:
| /* confdefs.h.  */
| #define PACKAGE_NAME "tutorial2"
| #define PACKAGE_TARNAME "tutorial2"
| #define PACKAGE_VERSION "1.0.0"
| #define PACKAGE_STRING "tutorial2 1.0.0"
| #define PACKAGE_BUGREPORT ""
| #define PACKAGE "tutorial2"
| #define VERSION "1.0.0"
| /* end confdefs.h.  */
| #include <ac_nonexistent.h>
configure:6562: result: gcc -E
configure:6591: gcc -E  conftest.c
configure:6598: $? = 0
configure:6629: gcc -E  conftest.c
conftest.c:10:28: error: ac_nonexistent.h: No such file or directory
configure:6636: $? = 1
configure: failed program was:
| /* confdefs.h.  */
| #define PACKAGE_NAME "tutorial2"
| #define PACKAGE_TARNAME "tutorial2"
| #define PACKAGE_VERSION "1.0.0"
| #define PACKAGE_STRING "tutorial2 1.0.0"
| #define PACKAGE_BUGREPORT ""
| #define PACKAGE "tutorial2"
| #define VERSION "1.0.0"
| /* end confdefs.h.  */
| #include <ac_nonexistent.h>
configure:6676: checking for ANSI C header files
configure:6706: gcc -c -g -O2  conftest.c >&5
configure:6713: $? = 0
configure:6812: gcc -o conftest -g -O2   conftest.c  >&5
configure:6816: $? = 0
configure:6822: ./conftest
configure:6826: $? = 0
configure:6844: result: yes
configure:6868: checking for sys/types.h
configure:6889: gcc -c -g -O2  conftest.c >&5
configure:6896: $? = 0
configure:6913: result: yes
configure:6868: checking for sys/stat.h
configure:6889: gcc -c -g -O2  conftest.c >&5
configure:6896: $? = 0
configure:6913: result: yes
configure:6868: checking for stdlib.h
configure:6889: gcc -c -g -O2  conftest.c >&5
configure:6896: $? = 0
configure:6913: result: yes
configure:6868: checking for string.h
configure:6889: gcc -c -g -O2  conftest.c >&5
configure:6896: $? = 0
configure:6913: result: yes
configure:6868: checking for memory.h
configure:6889: gcc -c -g -O2  conftest.c >&5
configure:6896: $? = 0
configure:6913: result: yes
configure:6868: checking for strings.h
configure:6889: gcc -c -g -O2  conftest.c >&5
configure:6896: $? = 0
configure:6913: result: yes
configure:6868: checking for inttypes.h
configure:6889: gcc -c -g -O2  conftest.c >&5
configure:6896: $? = 0
configure:6913: result: yes
configure:6868: checking for stdint.h
configure:6889: gcc -c -g -O2  conftest.c >&5
configure:6896: $? = 0
configure:6913: result: yes
configure:6868: checking for unistd.h
configure:6889: gcc -c -g -O2  conftest.c >&5
configure:6896: $? = 0
configure:6913: result: yes
configure:6931: checking for dlfcn.h
configure:6952: gcc -c -g -O2  conftest.c >&5
configure:6959: $? = 0
configure:6976: result: yes
configure:7162: checking for objdir
configure:7177: result: .libs
configure:7469: checking if gcc supports -fno-rtti -fno-exceptions
configure:7487: gcc -c -g -O2  -fno-rtti -fno-exceptions conftest.c >&5
cc1: warning: command line option "-fno-rtti" is valid for C++/ObjC++ but not for C
configure:7491: $? = 0
configure:7504: result: no
configure:7524: checking for gcc option to produce PIC
configure:7796: result: -fPIC -DPIC
configure:7808: checking if gcc PIC flag -fPIC -DPIC works
configure:7826: gcc -c -g -O2  -fPIC -DPIC -DPIC conftest.c >&5
configure:7830: $? = 0
configure:7843: result: yes
configure:7867: checking if gcc static flag -static works
configure:7895: result: yes
configure:7910: checking if gcc supports -c -o file.o
configure:7931: gcc -c -g -O2  -o out/conftest2.o conftest.c >&5
configure:7935: $? = 0
configure:7957: result: yes
configure:7965: checking if gcc supports -c -o file.o
configure:8012: result: yes
configure:8045: checking whether the gcc linker (/usr/i686-pc-linux-gnu/bin/ld) supports shared libraries
configure:9119: result: yes
configure:9156: checking whether -lc should be explicitly linked in
configure:9161: gcc -c -g -O2  conftest.c >&5
configure:9164: $? = 0
configure:9179: gcc -shared conftest.o  -v -Wl,-soname -Wl,conftest -o conftest 2\>\&1 \| /bin/grep  -lc  \>/dev/null 2\>\&1
configure:9182: $? = 0
configure:9194: result: no
configure:9358: checking dynamic linker characteristics
configure:9814: gcc -o conftest -g -O2   -Wl,-rpath -Wl,/foo conftest.c  >&5
configure:9821: $? = 0
configure:10054: result: GNU/Linux ld.so
configure:10156: checking how to hardcode library paths into programs
configure:10181: result: immediate
configure:11014: checking whether stripping libraries is possible
configure:11019: result: yes
configure:11054: checking if libtool supports shared libraries
configure:11056: result: yes
configure:11059: checking whether to build shared libraries
configure:11080: result: yes
configure:11083: checking whether to build static libraries
configure:11087: result: yes
configure:11173: checking for pkg-config
configure:11191: found /usr/bin/pkg-config
configure:11203: result: /usr/bin/pkg-config
configure:11228: checking pkg-config is at least version 0.9.0
configure:11231: result: yes
configure:11242: checking for AUDACIOUS
configure:11249: $PKG_CONFIG --exists --print-errors "audacious >= 1.3.0 "
configure:11252: $? = 0
configure:11265: $PKG_CONFIG --exists --print-errors "audacious >= 1.3.0 "
configure:11268: $? = 0
configure:11307: result: yes
configure:11439: creating ./config.status

## ---------------------- ##
## Running config.status. ##
## ---------------------- ##

This file was extended by tutorial2 config.status 1.0.0, which was
generated by GNU Autoconf 2.63.  Invocation command line was

  CONFIG_FILES    = 
  CONFIG_HEADERS  = 
  CONFIG_LINKS    = 
  CONFIG_COMMANDS = 
  $ ./config.status 

on sabayon

config.status:990: creating Makefile
config.status:990: creating src/Makefile
config.status:990: creating config.h
config.status:1212: config.h is unchanged
config.status:1264: executing depfiles commands
config.status:1264: executing libtool commands

## ---------------- ##
## Cache variables. ##
## ---------------- ##

ac_cv_build=i686-pc-linux-gnu
ac_cv_c_compiler_gnu=yes
ac_cv_env_AUDACIOUS_CFLAGS_set=
ac_cv_env_AUDACIOUS_CFLAGS_value=
ac_cv_env_AUDACIOUS_LIBS_set=
ac_cv_env_AUDACIOUS_LIBS_value=
ac_cv_env_CC_set=
ac_cv_env_CC_value=
ac_cv_env_CFLAGS_set=
ac_cv_env_CFLAGS_value=
ac_cv_env_CPPFLAGS_set=
ac_cv_env_CPPFLAGS_value=
ac_cv_env_CPP_set=
ac_cv_env_CPP_value=
ac_cv_env_LDFLAGS_set=
ac_cv_env_LDFLAGS_value=
ac_cv_env_LIBS_set=
ac_cv_env_LIBS_value=
ac_cv_env_PKG_CONFIG_set=
ac_cv_env_PKG_CONFIG_value=
ac_cv_env_build_alias_set=
ac_cv_env_build_alias_value=
ac_cv_env_host_alias_set=
ac_cv_env_host_alias_value=
ac_cv_env_target_alias_set=
ac_cv_env_target_alias_value=
ac_cv_header_dlfcn_h=yes
ac_cv_header_inttypes_h=yes
ac_cv_header_memory_h=yes
ac_cv_header_stdc=yes
ac_cv_header_stdint_h=yes
ac_cv_header_stdlib_h=yes
ac_cv_header_string_h=yes
ac_cv_header_strings_h=yes
ac_cv_header_sys_stat_h=yes
ac_cv_header_sys_types_h=yes
ac_cv_header_unistd_h=yes
ac_cv_host=i686-pc-linux-gnu
ac_cv_objext=o
ac_cv_path_EGREP='/bin/grep -E'
ac_cv_path_FGREP='/bin/grep -F'
ac_cv_path_GREP=/bin/grep
ac_cv_path_SED=/bin/sed
ac_cv_path_ac_pt_PKG_CONFIG=/usr/bin/pkg-config
ac_cv_path_install='/usr/bin/install -c'
ac_cv_path_mkdir=/bin/mkdir
ac_cv_prog_AWK=gawk
ac_cv_prog_CPP='gcc -E'
ac_cv_prog_ac_ct_AR=ar
ac_cv_prog_ac_ct_CC=gcc
ac_cv_prog_ac_ct_OBJDUMP=objdump
ac_cv_prog_ac_ct_RANLIB=ranlib
ac_cv_prog_ac_ct_STRIP=strip
ac_cv_prog_cc_c89=
ac_cv_prog_cc_g=yes
ac_cv_prog_make_make_set=yes
am_cv_CC_dependencies_compiler_type=gcc3
lt_cv_deplibs_check_method=pass_all
lt_cv_file_magic_cmd='$MAGIC_CMD'
lt_cv_file_magic_test_file=
lt_cv_ld_reload_flag=-r
lt_cv_nm_interface='BSD nm'
lt_cv_objdir=.libs
lt_cv_path_LD=/usr/i686-pc-linux-gnu/bin/ld
lt_cv_path_NM='/usr/bin/nm -B'
lt_cv_prog_compiler_c_o=yes
lt_cv_prog_compiler_pic_works=yes
lt_cv_prog_compiler_rtti_exceptions=no
lt_cv_prog_compiler_static_works=yes
lt_cv_prog_gnu_ld=yes
lt_cv_sys_global_symbol_pipe='sed -n -e '\''s/^.*[	 ]\([ABCDGIRSTW][ABCDGIRSTW]*\)[	 ][	 ]*\([_A-Za-z][_A-Za-z0-9]*\)$/\1 \2 \2/p'\'''
lt_cv_sys_global_symbol_to_c_name_address='sed -n -e '\''s/^: \([^ ]*\) $/  {\"\1\", (void *) 0},/p'\'' -e '\''s/^[ABCDGIRSTW]* \([^ ]*\) \([^ ]*\)$/  {"\2", (void *) \&\2},/p'\'''
lt_cv_sys_global_symbol_to_c_name_address_lib_prefix='sed -n -e '\''s/^: \([^ ]*\) $/  {\"\1\", (void *) 0},/p'\'' -e '\''s/^[ABCDGIRSTW]* \([^ ]*\) \(lib[^ ]*\)$/  {"\2", (void *) \&\2},/p'\'' -e '\''s/^[ABCDGIRSTW]* \([^ ]*\) \([^ ]*\)$/  {"lib\2", (void *) \&\2},/p'\'''
lt_cv_sys_global_symbol_to_cdecl='sed -n -e '\''s/^T .* \(.*\)$/extern int \1();/p'\'' -e '\''s/^[ABCDGIRSTW]* .* \(.*\)$/extern char \1;/p'\'''
lt_cv_sys_max_cmd_len=1572864
pkg_cv_AUDACIOUS_CFLAGS='-pthread -I/usr/include/glib-2.0 -I/usr/lib/glib-2.0/include -I/usr/include/gtk-2.0 -I/usr/include/pango-1.0 -I/usr/include/cairo -I/usr/include/libmowgli -I/usr/include/dbus-1.0 -I/usr/lib/dbus-1.0/include -I/usr/lib/gtk-2.0/include -I/usr/include/atk-1.0 -I/usr/include/pixman-1 -I/usr/include/freetype2 -I/usr/include/libpng12  '
pkg_cv_AUDACIOUS_LIBS='-Wl,-rpath,/usr/lib -pthread -laudclient -lgthread-2.0 -lrt -lgtk-x11-2.0 -lmcs -ldbus-glib-1 -lgdk-x11-2.0 -latk-1.0 -lgio-2.0 -lpangoft2-1.0 -lgdk_pixbuf-2.0 -lpangocairo-1.0 -lcairo -lpango-1.0 -lfreetype -lfontconfig -lgmodule-2.0 -lmowgli -ldbus-1 -lgobject-2.0 -lglib-2.0  '

## ----------------- ##
## Output variables. ##
## ----------------- ##

ACLOCAL='${SHELL} /baf/s3d-spectrum-analyzer/audaciousplugin/example2audacious/config/missing --run aclocal-1.10'
AMDEPBACKSLASH='\'
AMDEP_FALSE='#'
AMDEP_TRUE=''
AMTAR='${SHELL} /baf/s3d-spectrum-analyzer/audaciousplugin/example2audacious/config/missing --run tar'
AR='ar'
AUDACIOUS_CFLAGS='-pthread -I/usr/include/glib-2.0 -I/usr/lib/glib-2.0/include -I/usr/include/gtk-2.0 -I/usr/include/pango-1.0 -I/usr/include/cairo -I/usr/include/libmowgli -I/usr/include/dbus-1.0 -I/usr/lib/dbus-1.0/include -I/usr/lib/gtk-2.0/include -I/usr/include/atk-1.0 -I/usr/include/pixman-1 -I/usr/include/freetype2 -I/usr/include/libpng12  '
AUDACIOUS_LIBS='-Wl,-rpath,/usr/lib -pthread -laudclient -lgthread-2.0 -lrt -lgtk-x11-2.0 -lmcs -ldbus-glib-1 -lgdk-x11-2.0 -latk-1.0 -lgio-2.0 -lpangoft2-1.0 -lgdk_pixbuf-2.0 -lpangocairo-1.0 -lcairo -lpango-1.0 -lfreetype -lfontconfig -lgmodule-2.0 -lmowgli -ldbus-1 -lgobject-2.0 -lglib-2.0  '
AUTOCONF='${SHELL} /baf/s3d-spectrum-analyzer/audaciousplugin/example2audacious/config/missing --run autoconf'
AUTOHEADER='${SHELL} /baf/s3d-spectrum-analyzer/audaciousplugin/example2audacious/config/missing --run autoheader'
AUTOMAKE='${SHELL} /baf/s3d-spectrum-analyzer/audaciousplugin/example2audacious/config/missing --run automake-1.10'
AVPDD='/usr/share/audacious-plugins'
AVPDIR='/usr/lib/audacious/Visualization'
AWK='gawk'
CC='gcc'
CCDEPMODE='depmode=gcc3'
CFLAGS='-g -O2'
CPP='gcc -E'
CPPFLAGS=''
CYGPATH_W='echo'
DEFS='-DHAVE_CONFIG_H'
DEPDIR='.deps'
DSYMUTIL=''
DUMPBIN=''
ECHO_C=''
ECHO_N='-n'
ECHO_T=''
EGREP='/bin/grep -E'
EXEEXT=''
FGREP='/bin/grep -F'
GREP='/bin/grep'
INSTALL_DATA='${INSTALL} -m 644'
INSTALL_PROGRAM='${INSTALL}'
INSTALL_SCRIPT='${INSTALL}'
INSTALL_STRIP_PROGRAM='$(install_sh) -c -s'
LD='/usr/i686-pc-linux-gnu/bin/ld'
LDFLAGS=''
LIBOBJS=''
LIBS=''
LIBTOOL='$(SHELL) $(top_builddir)/libtool'
LIPO=''
LN_S='ln -s'
LTLIBOBJS=''
MAKEINFO='${SHELL} /baf/s3d-spectrum-analyzer/audaciousplugin/example2audacious/config/missing --run makeinfo'
MKDIR_P='/bin/mkdir -p'
NM='/usr/bin/nm -B'
NMEDIT=''
OBJDUMP='objdump'
OBJEXT='o'
OTOOL64=''
OTOOL=''
PACKAGE='tutorial2'
PACKAGE_BUGREPORT=''
PACKAGE_NAME='tutorial2'
PACKAGE_STRING='tutorial2 1.0.0'
PACKAGE_TARNAME='tutorial2'
PACKAGE_VERSION='1.0.0'
PATH_SEPARATOR=':'
PKG_CONFIG='/usr/bin/pkg-config'
RANLIB='ranlib'
SED='/bin/sed'
SET_MAKE=''
SHELL='/bin/sh'
STRIP='strip'
VERSION='1.0.0'
ac_ct_CC='gcc'
ac_ct_DUMPBIN=''
am__fastdepCC_FALSE='#'
am__fastdepCC_TRUE=''
am__include='include'
am__isrc=''
am__leading_dot='.'
am__quote=''
am__tar='${AMTAR} chof - "$$tardir"'
am__untar='${AMTAR} xf -'
bindir='${exec_prefix}/bin'
build='i686-pc-linux-gnu'
build_alias=''
build_cpu='i686'
build_os='linux-gnu'
build_vendor='pc'
datadir='${datarootdir}'
datarootdir='${prefix}/share'
docdir='${datarootdir}/doc/${PACKAGE_TARNAME}'
dvidir='${docdir}'
exec_prefix='${prefix}'
host='i686-pc-linux-gnu'
host_alias=''
host_cpu='i686'
host_os='linux-gnu'
host_vendor='pc'
htmldir='${docdir}'
includedir='${prefix}/include'
infodir='${datarootdir}/info'
install_sh='$(SHELL) /baf/s3d-spectrum-analyzer/audaciousplugin/example2audacious/config/install-sh'
libdir='${exec_prefix}/lib'
libexecdir='${exec_prefix}/libexec'
localedir='${datarootdir}/locale'
localstatedir='${prefix}/var'
lt_ECHO='echo'
mandir='${datarootdir}/man'
mkdir_p='/bin/mkdir -p'
oldincludedir='/usr/include'
pdfdir='${docdir}'
prefix='/usr/local'
program_transform_name='s,x,x,'
psdir='${docdir}'
sbindir='${exec_prefix}/sbin'
sharedstatedir='${prefix}/com'
sysconfdir='${prefix}/etc'
target_alias=''

## ----------- ##
## confdefs.h. ##
## ----------- ##

#define PACKAGE_NAME "tutorial2"
#define PACKAGE_TARNAME "tutorial2"
#define PACKAGE_VERSION "1.0.0"
#define PACKAGE_STRING "tutorial2 1.0.0"
#define PACKAGE_BUGREPORT ""
#define PACKAGE "tutorial2"
#define VERSION "1.0.0"
#define STDC_HEADERS 1
#define HAVE_SYS_TYPES_H 1
#define HAVE_SYS_STAT_H 1
#define HAVE_STDLIB_H 1
#define HAVE_STRING_H 1
#define HAVE_MEMORY_H 1
#define HAVE_STRINGS_H 1
#define HAVE_INTTYPES_H 1
#define HAVE_STDINT_H 1
#define HAVE_UNISTD_H 1
#define HAVE_DLFCN_H 1
#define LT_OBJDIR ".libs/"

configure: exit 0

## ---------------------- ##
## Running config.status. ##
## ---------------------- ##

This file was extended by tutorial2 config.status 1.0.0, which was
generated by GNU Autoconf 2.63.  Invocation command line was

  CONFIG_FILES    = 
  CONFIG_HEADERS  = 
  CONFIG_LINKS    = 
  CONFIG_COMMANDS = 
  $ ./config.status config.h

on sabayon

config.status:990: creating config.h
config.status:1212: config.h is unchanged
